Process A : I will use CPU by 7s.

Process B : I will use CPU by 5s.

Process C : I will use CPU by 3s.

Process B : Finish! My response time is 0s and My total wait time is 0s.
Process A : Finish! My response time is 0s and My total wait time is 5s.
Process C : Finish! My response time is 10s and My total wait time is 10s.

[화  5월 27 00:07:45 2025] Working: A
[화  5월 27 00:07:45 2025] Working: A
[화  5월 27 00:07:45 2025] Working: A
[화  5월 27 00:07:45 2025] Working: A
[화  5월 27 00:07:45 2025] Working: A
[화  5월 27 00:07:46 2025] Working: A
[화  5월 27 00:07:46 2025] Working: A
[화  5월 27 00:07:46 2025] Working: A
[화  5월 27 00:07:46 2025] Working Denied:B
[화  5월 27 00:07:46 2025] Working: B
[화  5월 27 00:07:46 2025] Working: B
[화  5월 27 00:07:46 2025] Working Denied:A
[화  5월 27 00:07:46 2025] Working: B
[화  5월 27 00:07:46 2025] Working Denied:A
[화  5월 27 00:07:46 2025] Working: B
[화  5월 27 00:07:46 2025] Working Denied:A
[화  5월 27 00:07:46 2025] Working: B
[화  5월 27 00:07:46 2025] Working Denied:A
[화  5월 27 00:07:46 2025] Working: B
[화  5월 27 00:07:46 2025] Working Denied:A
[화  5월 27 00:07:46 2025] Working: B
[화  5월 27 00:07:46 2025] Working Denied:A
[화  5월 27 00:07:47 2025] Working: B
[화  5월 27 00:07:47 2025] Working Denied:A
[화  5월 27 00:07:47 2025] Working: B
[화  5월 27 00:07:47 2025] Working Denied:A
[화  5월 27 00:07:47 2025] Working Denied:A
[화  5월 27 00:07:47 2025] Working: B
[화  5월 27 00:07:47 2025] Working Denied:C
[화  5월 27 00:07:47 2025] Working Denied:A
[화  5월 27 00:07:47 2025] Working: B
[화  5월 27 00:07:47 2025] Working Denied:C
[화  5월 27 00:07:47 2025] Working Denied:A
[화  5월 27 00:07:47 2025] Working: B
[화  5월 27 00:07:47 2025] Working Denied:C
[화  5월 27 00:07:47 2025] Working: B
[화  5월 27 00:07:47 2025] Working Denied:A
[화  5월 27 00:07:47 2025] Working Denied:C
[화  5월 27 00:07:47 2025] Working Denied:A
[화  5월 27 00:07:47 2025] Working: B
[화  5월 27 00:07:47 2025] Working Denied:C
[화  5월 27 00:07:47 2025] Working Denied:A
[화  5월 27 00:07:47 2025] Working: B
[화  5월 27 00:07:47 2025] Working Denied:C
[화  5월 27 00:07:47 2025] Working: B
[화  5월 27 00:07:47 2025] Working Denied:A
[화  5월 27 00:07:47 2025] Working Denied:C
[화  5월 27 00:07:47 2025] Working: B
[화  5월 27 00:07:47 2025] Working Denied:A
[화  5월 27 00:07:48 2025] Working Denied:C
[화  5월 27 00:07:48 2025] Working: B
[화  5월 27 00:07:48 2025] Working Denied:A
[화  5월 27 00:07:48 2025] Working Denied:C
[화  5월 27 00:07:48 2025] Working: B
[화  5월 27 00:07:48 2025] Working Denied:A
[화  5월 27 00:07:48 2025] Working Denied:C
[화  5월 27 00:07:48 2025] Working: B
[화  5월 27 00:07:48 2025] Working Denied:A
[화  5월 27 00:07:48 2025] Working Denied:C
[화  5월 27 00:07:48 2025] Working: B
[화  5월 27 00:07:48 2025] Working Denied:A
[화  5월 27 00:07:48 2025] Working Denied:C
[화  5월 27 00:07:48 2025] Working: B
[화  5월 27 00:07:48 2025] Working Denied:A
[화  5월 27 00:07:48 2025] Working Denied:C
[화  5월 27 00:07:48 2025] Working: B
[화  5월 27 00:07:48 2025] Working Denied:A
[화  5월 27 00:07:48 2025] Working Denied:C
[화  5월 27 00:07:48 2025] Working: B
[화  5월 27 00:07:48 2025] Working Denied:A
[화  5월 27 00:07:48 2025] Working Denied:C
[화  5월 27 00:07:48 2025] Working: B
[화  5월 27 00:07:48 2025] Working Denied:A
[화  5월 27 00:07:48 2025] Working Denied:C
[화  5월 27 00:07:48 2025] Working: B
[화  5월 27 00:07:48 2025] Working Denied:A
[화  5월 27 00:07:48 2025] Working Denied:C
[화  5월 27 00:07:48 2025] Working: B
[화  5월 27 00:07:48 2025] Working Denied:A
[화  5월 27 00:07:49 2025] Working Denied:C
[화  5월 27 00:07:49 2025] Working: B
[화  5월 27 00:07:49 2025] Working Denied:A
[화  5월 27 00:07:49 2025] Working Denied:C
[화  5월 27 00:07:49 2025] Working: B
[화  5월 27 00:07:49 2025] Working Denied:A
[화  5월 27 00:07:49 2025] Working Denied:C
[화  5월 27 00:07:49 2025] Working: B
[화  5월 27 00:07:49 2025] Working Denied:A
[화  5월 27 00:07:49 2025] Working Denied:C
[화  5월 27 00:07:49 2025] Working: B
[화  5월 27 00:07:49 2025] Working Denied:A
[화  5월 27 00:07:49 2025] Working Denied:C
[화  5월 27 00:07:49 2025] Working: B
[화  5월 27 00:07:49 2025] Working Denied:A
[화  5월 27 00:07:49 2025] Working Denied:C
[화  5월 27 00:07:49 2025] Working: B
[화  5월 27 00:07:49 2025] Working Denied:A
[화  5월 27 00:07:49 2025] Working Denied:C
[화  5월 27 00:07:49 2025] Working Denied:A
[화  5월 27 00:07:49 2025] Working: B
[화  5월 27 00:07:49 2025] Working Denied:C
[화  5월 27 00:07:49 2025] Working Denied:A
[화  5월 27 00:07:49 2025] Working: B
[화  5월 27 00:07:49 2025] Working Denied:C
[화  5월 27 00:07:49 2025] Working Denied:A
[화  5월 27 00:07:49 2025] Working: B
[화  5월 27 00:07:49 2025] Working Denied:C
[화  5월 27 00:07:50 2025] Working Denied:A
[화  5월 27 00:07:50 2025] Working: B
[화  5월 27 00:07:50 2025] Working Denied:C
[화  5월 27 00:07:50 2025] Working Denied:A
[화  5월 27 00:07:50 2025] Working: B
[화  5월 27 00:07:50 2025] Working Denied:C
[화  5월 27 00:07:50 2025] Working: B
[화  5월 27 00:07:50 2025] Working Denied:A
[화  5월 27 00:07:50 2025] Working Denied:C
[화  5월 27 00:07:50 2025] Working: B
[화  5월 27 00:07:50 2025] Working Denied:A
[화  5월 27 00:07:50 2025] Working Denied:C
[화  5월 27 00:07:50 2025] Working Denied:A
[화  5월 27 00:07:50 2025] Working: B
[화  5월 27 00:07:50 2025] Working Denied:C
[화  5월 27 00:07:50 2025] Working: B
[화  5월 27 00:07:50 2025] Working Denied:A
[화  5월 27 00:07:50 2025] Working Denied:C
[화  5월 27 00:07:50 2025] Working: B
[화  5월 27 00:07:50 2025] Working Denied:A
[화  5월 27 00:07:50 2025] Working Denied:C
[화  5월 27 00:07:50 2025] Working: B
[화  5월 27 00:07:50 2025] Working Denied:A
[화  5월 27 00:07:50 2025] Working Denied:C
[화  5월 27 00:07:50 2025] Working: B
[화  5월 27 00:07:50 2025] Working Denied:A
[화  5월 27 00:07:50 2025] Working Denied:C
[화  5월 27 00:07:50 2025] Working Denied:A
[화  5월 27 00:07:50 2025] Working: B
[화  5월 27 00:07:50 2025] Working Denied:C
[화  5월 27 00:07:51 2025] Working Denied:A
[화  5월 27 00:07:51 2025] Working: B
[화  5월 27 00:07:51 2025] Working Denied:C
[화  5월 27 00:07:51 2025] Working Denied:A
[화  5월 27 00:07:51 2025] Working: B
[화  5월 27 00:07:51 2025] Working Denied:C
[화  5월 27 00:07:51 2025] Working: B
[화  5월 27 00:07:51 2025] Working Denied:A
[화  5월 27 00:07:51 2025] Working Denied:C
[화  5월 27 00:07:51 2025] Working: B
[화  5월 27 00:07:51 2025] Working Denied:A
[화  5월 27 00:07:51 2025] Working Denied:C
[화  5월 27 00:07:51 2025] Working: B
[화  5월 27 00:07:51 2025] Process Finished: B
[화  5월 27 00:07:51 2025] Working: A
[화  5월 27 00:07:51 2025] Working Denied:C
[화  5월 27 00:07:51 2025] Working: A
[화  5월 27 00:07:51 2025] Working Denied:C
[화  5월 27 00:07:51 2025] Working: A
[화  5월 27 00:07:51 2025] Working Denied:C
[화  5월 27 00:07:51 2025] Working: A
[화  5월 27 00:07:51 2025] Working Denied:C
[화  5월 27 00:07:51 2025] Working: A
[화  5월 27 00:07:51 2025] Working Denied:C
[화  5월 27 00:07:51 2025] Working: A
[화  5월 27 00:07:51 2025] Working Denied:C
[화  5월 27 00:07:52 2025] Working: A
[화  5월 27 00:07:52 2025] Working Denied:C
[화  5월 27 00:07:52 2025] Working: A
[화  5월 27 00:07:52 2025] Working Denied:C
[화  5월 27 00:07:52 2025] Working: A
[화  5월 27 00:07:52 2025] Working Denied:C
[화  5월 27 00:07:52 2025] Working: A
[화  5월 27 00:07:52 2025] Working Denied:C
[화  5월 27 00:07:52 2025] Working: A
[화  5월 27 00:07:52 2025] Working Denied:C
[화  5월 27 00:07:52 2025] Working: A
[화  5월 27 00:07:52 2025] Working Denied:C
[화  5월 27 00:07:52 2025] Working: A
[화  5월 27 00:07:52 2025] Working Denied:C
[화  5월 27 00:07:52 2025] Working: A
[화  5월 27 00:07:52 2025] Working Denied:C
[화  5월 27 00:07:52 2025] Working: A
[화  5월 27 00:07:52 2025] Working Denied:C
[화  5월 27 00:07:52 2025] Working: A
[화  5월 27 00:07:53 2025] Working Denied:C
[화  5월 27 00:07:53 2025] Working: A
[화  5월 27 00:07:53 2025] Working Denied:C
[화  5월 27 00:07:53 2025] Working: A
[화  5월 27 00:07:53 2025] Working Denied:C
[화  5월 27 00:07:53 2025] Working: A
[화  5월 27 00:07:53 2025] Working Denied:C
[화  5월 27 00:07:53 2025] Working: A
[화  5월 27 00:07:53 2025] Working Denied:C
[화  5월 27 00:07:53 2025] Working: A
[화  5월 27 00:07:53 2025] Working Denied:C
[화  5월 27 00:07:53 2025] Working: A
[화  5월 27 00:07:53 2025] Working Denied:C
[화  5월 27 00:07:53 2025] Working: A
[화  5월 27 00:07:53 2025] Working Denied:C
[화  5월 27 00:07:53 2025] Working: A
[화  5월 27 00:07:53 2025] Working Denied:C
[화  5월 27 00:07:53 2025] Working: A
[화  5월 27 00:07:53 2025] Working Denied:C
[화  5월 27 00:07:54 2025] Working: A
[화  5월 27 00:07:54 2025] Working Denied:C
[화  5월 27 00:07:54 2025] Working: A
[화  5월 27 00:07:54 2025] Working Denied:C
[화  5월 27 00:07:54 2025] Working: A
[화  5월 27 00:07:54 2025] Working Denied:C
[화  5월 27 00:07:54 2025] Working: A
[화  5월 27 00:07:54 2025] Working Denied:C
[화  5월 27 00:07:54 2025] Working: A
[화  5월 27 00:07:54 2025] Working Denied:C
[화  5월 27 00:07:54 2025] Working: A
[화  5월 27 00:07:54 2025] Working Denied:C
[화  5월 27 00:07:54 2025] Working: A
[화  5월 27 00:07:54 2025] Working Denied:C
[화  5월 27 00:07:54 2025] Working: A
[화  5월 27 00:07:54 2025] Working Denied:C
[화  5월 27 00:07:54 2025] Working: A
[화  5월 27 00:07:54 2025] Working Denied:C
[화  5월 27 00:07:54 2025] Working: A
[화  5월 27 00:07:54 2025] Working Denied:C
[화  5월 27 00:07:55 2025] Working: A
[화  5월 27 00:07:55 2025] Working Denied:C
[화  5월 27 00:07:55 2025] Working: A
[화  5월 27 00:07:55 2025] Working Denied:C
[화  5월 27 00:07:55 2025] Working: A
[화  5월 27 00:07:55 2025] Working Denied:C
[화  5월 27 00:07:55 2025] Working: A
[화  5월 27 00:07:55 2025] Working Denied:C
[화  5월 27 00:07:55 2025] Working: A
[화  5월 27 00:07:55 2025] Working Denied:C
[화  5월 27 00:07:55 2025] Working: A
[화  5월 27 00:07:55 2025] Working Denied:C
[화  5월 27 00:07:55 2025] Working: A
[화  5월 27 00:07:55 2025] Working Denied:C
[화  5월 27 00:07:55 2025] Working: A
[화  5월 27 00:07:55 2025] Working Denied:C
[화  5월 27 00:07:55 2025] Working: A
[화  5월 27 00:07:55 2025] Working Denied:C
[화  5월 27 00:07:55 2025] Working: A
[화  5월 27 00:07:55 2025] Working Denied:C
[화  5월 27 00:07:56 2025] Working: A
[화  5월 27 00:07:56 2025] Working Denied:C
[화  5월 27 00:07:56 2025] Working: A
[화  5월 27 00:07:56 2025] Working Denied:C
[화  5월 27 00:07:56 2025] Working: A
[화  5월 27 00:07:56 2025] Working Denied:C
[화  5월 27 00:07:56 2025] Working: A
[화  5월 27 00:07:56 2025] Working Denied:C
[화  5월 27 00:07:56 2025] Working: A
[화  5월 27 00:07:56 2025] Working Denied:C
[화  5월 27 00:07:56 2025] Working: A
[화  5월 27 00:07:56 2025] Working Denied:C
[화  5월 27 00:07:56 2025] Working: A
[화  5월 27 00:07:56 2025] Working Denied:C
[화  5월 27 00:07:56 2025] Working: A
[화  5월 27 00:07:56 2025] Working Denied:C
[화  5월 27 00:07:56 2025] Working: A
[화  5월 27 00:07:56 2025] Working Denied:C
[화  5월 27 00:07:57 2025] Working: A
[화  5월 27 00:07:57 2025] Working Denied:C
[화  5월 27 00:07:57 2025] Working: A
[화  5월 27 00:07:57 2025] Working Denied:C
[화  5월 27 00:07:57 2025] Working: A
[화  5월 27 00:07:57 2025] Working Denied:C
[화  5월 27 00:07:57 2025] Working: A
[화  5월 27 00:07:57 2025] Working Denied:C
[화  5월 27 00:07:57 2025] Working: A
[화  5월 27 00:07:57 2025] Process Finished: A
[화  5월 27 00:07:57 2025] Working: C
[화  5월 27 00:07:57 2025] Working: C
[화  5월 27 00:07:57 2025] Working: C
[화  5월 27 00:07:57 2025] Working: C
[화  5월 27 00:07:57 2025] Working: C
[화  5월 27 00:07:57 2025] Working: C
[화  5월 27 00:07:58 2025] Working: C
[화  5월 27 00:07:58 2025] Working: C
[화  5월 27 00:07:58 2025] Working: C
[화  5월 27 00:07:58 2025] Working: C
[화  5월 27 00:07:58 2025] Working: C
[화  5월 27 00:07:58 2025] Working: C
[화  5월 27 00:07:58 2025] Working: C
[화  5월 27 00:07:58 2025] Working: C
[화  5월 27 00:07:58 2025] Working: C
[화  5월 27 00:07:58 2025] Working: C
[화  5월 27 00:07:59 2025] Working: C
[화  5월 27 00:07:59 2025] Working: C
[화  5월 27 00:07:59 2025] Working: C
[화  5월 27 00:07:59 2025] Working: C
[화  5월 27 00:07:59 2025] Working: C
[화  5월 27 00:07:59 2025] Working: C
[화  5월 27 00:07:59 2025] Working: C
[화  5월 27 00:07:59 2025] Working: C
[화  5월 27 00:07:59 2025] Working: C
[화  5월 27 00:07:59 2025] Working: C
[화  5월 27 00:08:00 2025] Working: C
[화  5월 27 00:08:00 2025] Working: C
[화  5월 27 00:08:00 2025] Working: C
[화  5월 27 00:08:00 2025] Working: C
[화  5월 27 00:08:00 2025] Process Finished: C
