
Process A : I will use CPU by 7s.

Process B : I will use CPU by 5s.

Process C : I will use CPU by 3s.

Process C : Finish! My response time is 1s and My total wait time is 6s.

Process B : Finish! My response time is 0s and My total wait time is 8s.

Process A : Finish! My response time is 0s and My total wait time is 9s.

[월  5월 26 23:13:38 2025] Working: A
[월  5월 26 23:13:38 2025] Working: A
[월  5월 26 23:13:38 2025] Working: A
[월  5월 26 23:13:38 2025] Working: A
[월  5월 26 23:13:38 2025] Working: A
[월  5월 26 23:13:38 2025] Working: A
[월  5월 26 23:13:38 2025] Working: A
[월  5월 26 23:13:39 2025] Working: A
[월  5월 26 23:13:39 2025] Working: A
[월  5월 26 23:13:39 2025] Working: A
[월  5월 26 23:13:39 2025] Turn Over ----> A
[월  5월 26 23:13:39 2025] Working: B
[월  5월 26 23:13:39 2025] Working: B
[월  5월 26 23:13:39 2025] Working: B
[월  5월 26 23:13:39 2025] Working: B
[월  5월 26 23:13:39 2025] Working: B
[월  5월 26 23:13:39 2025] Working: B
[월  5월 26 23:13:39 2025] Working: B
[월  5월 26 23:13:40 2025] Working: B
[월  5월 26 23:13:40 2025] Working: B
[월  5월 26 23:13:40 2025] Working: B
[월  5월 26 23:13:40 2025] Turn Over ----> B
[월  5월 26 23:13:40 2025] Working: A
[월  5월 26 23:13:40 2025] Working: A
[월  5월 26 23:13:40 2025] Working: A
[월  5월 26 23:13:40 2025] Working: A
[월  5월 26 23:13:40 2025] Working: A
[월  5월 26 23:13:40 2025] Working: A
[월  5월 26 23:13:40 2025] Working: A
[월  5월 26 23:13:41 2025] Working: A
[월  5월 26 23:13:41 2025] Working: A
[월  5월 26 23:13:41 2025] Working: A
[월  5월 26 23:13:41 2025] Turn Over ----> A
[월  5월 26 23:13:41 2025] Working: C
[월  5월 26 23:13:41 2025] Working: C
[월  5월 26 23:13:41 2025] Working: C
[월  5월 26 23:13:41 2025] Working: C
[월  5월 26 23:13:41 2025] Working: C
[월  5월 26 23:13:41 2025] Working: C
[월  5월 26 23:13:41 2025] Working: C
[월  5월 26 23:13:41 2025] Working: C
[월  5월 26 23:13:42 2025] Working: C
[월  5월 26 23:13:42 2025] Working: C
[월  5월 26 23:13:42 2025] Turn Over ----> C
[월  5월 26 23:13:42 2025] Working: B
[월  5월 26 23:13:42 2025] Working: B
[월  5월 26 23:13:42 2025] Working: B
[월  5월 26 23:13:42 2025] Working: B
[월  5월 26 23:13:42 2025] Working: B
[월  5월 26 23:13:42 2025] Working: B
[월  5월 26 23:13:42 2025] Working: B
[월  5월 26 23:13:42 2025] Working: B
[월  5월 26 23:13:43 2025] Working: B
[월  5월 26 23:13:43 2025] Working: B
[월  5월 26 23:13:43 2025] Turn Over ----> B
[월  5월 26 23:13:43 2025] Working: A
[월  5월 26 23:13:43 2025] Working: A
[월  5월 26 23:13:43 2025] Working: A
[월  5월 26 23:13:43 2025] Working: A
[월  5월 26 23:13:43 2025] Working: A
[월  5월 26 23:13:43 2025] Working: A
[월  5월 26 23:13:43 2025] Working: A
[월  5월 26 23:13:43 2025] Working: A
[월  5월 26 23:13:43 2025] Working: A
[월  5월 26 23:13:44 2025] Working: A
[월  5월 26 23:13:44 2025] Turn Over ----> A
[월  5월 26 23:13:44 2025] Working: C
[월  5월 26 23:13:44 2025] Working: C
[월  5월 26 23:13:44 2025] Working: C
[월  5월 26 23:13:44 2025] Working: C
[월  5월 26 23:13:44 2025] Working: C
[월  5월 26 23:13:44 2025] Working: C
[월  5월 26 23:13:44 2025] Working: C
[월  5월 26 23:13:44 2025] Working: C
[월  5월 26 23:13:44 2025] Working: C
[월  5월 26 23:13:45 2025] Working: C
[월  5월 26 23:13:45 2025] Turn Over ----> C
[월  5월 26 23:13:45 2025] Working: B
[월  5월 26 23:13:45 2025] Working: B
[월  5월 26 23:13:45 2025] Working: B
[월  5월 26 23:13:45 2025] Working: B
[월  5월 26 23:13:45 2025] Working: B
[월  5월 26 23:13:45 2025] Working: B
[월  5월 26 23:13:45 2025] Working: B
[월  5월 26 23:13:45 2025] Working: B
[월  5월 26 23:13:45 2025] Working: B
[월  5월 26 23:13:45 2025] Working: B
[월  5월 26 23:13:45 2025] Turn Over ----> B
[월  5월 26 23:13:45 2025] Working: A
[월  5월 26 23:13:46 2025] Working: A
[월  5월 26 23:13:46 2025] Working: A
[월  5월 26 23:13:46 2025] Working: A
[월  5월 26 23:13:46 2025] Working: A
[월  5월 26 23:13:46 2025] Working: A
[월  5월 26 23:13:46 2025] Working: A
[월  5월 26 23:13:46 2025] Working: A
[월  5월 26 23:13:46 2025] Working: A
[월  5월 26 23:13:46 2025] Working: A
[월  5월 26 23:13:46 2025] Turn Over ----> A
[월  5월 26 23:13:46 2025] Working: C
[월  5월 26 23:13:47 2025] Working: C
[월  5월 26 23:13:47 2025] Working: C
[월  5월 26 23:13:47 2025] Working: C
[월  5월 26 23:13:47 2025] Working: C
[월  5월 26 23:13:47 2025] Working: C
[월  5월 26 23:13:47 2025] Working: C
[월  5월 26 23:13:47 2025] Working: C
[월  5월 26 23:13:47 2025] Working: C
[월  5월 26 23:13:47 2025] Working: C
[월  5월 26 23:13:47 2025] Turn Over ----> C
[월  5월 26 23:13:47 2025] Working: B
[월  5월 26 23:13:47 2025] Working: B
[월  5월 26 23:13:48 2025] Working: B
[월  5월 26 23:13:48 2025] Working: B
[월  5월 26 23:13:48 2025] Working: B
[월  5월 26 23:13:48 2025] Working: B
[월  5월 26 23:13:48 2025] Working: B
[월  5월 26 23:13:48 2025] Working: B
[월  5월 26 23:13:48 2025] Working: B
[월  5월 26 23:13:48 2025] Working: B
[월  5월 26 23:13:48 2025] Turn Over ----> B
[월  5월 26 23:13:48 2025] Working: A
[월  5월 26 23:13:48 2025] Working: A
[월  5월 26 23:13:49 2025] Working: A
[월  5월 26 23:13:49 2025] Working: A
[월  5월 26 23:13:49 2025] Working: A
[월  5월 26 23:13:49 2025] Working: A
[월  5월 26 23:13:49 2025] Working: A
[월  5월 26 23:13:49 2025] Working: A
[월  5월 26 23:13:49 2025] Working: A
[월  5월 26 23:13:49 2025] Working: A
[월  5월 26 23:13:49 2025] Turn Over ----> A
[월  5월 26 23:13:49 2025] Working: B
[월  5월 26 23:13:49 2025] Working: B
[월  5월 26 23:13:49 2025] Working: B
[월  5월 26 23:13:50 2025] Working: B
[월  5월 26 23:13:50 2025] Working: B
[월  5월 26 23:13:50 2025] Working: B
[월  5월 26 23:13:50 2025] Working: B
[월  5월 26 23:13:50 2025] Working: B
[월  5월 26 23:13:50 2025] Working: B
[월  5월 26 23:13:50 2025] Working: B
[월  5월 26 23:13:50 2025] Turn Over ----> B
[월  5월 26 23:13:50 2025] Working: A
[월  5월 26 23:13:50 2025] Working: A
[월  5월 26 23:13:51 2025] Working: A
[월  5월 26 23:13:51 2025] Working: A
[월  5월 26 23:13:51 2025] Working: A
[월  5월 26 23:13:51 2025] Working: A
[월  5월 26 23:13:51 2025] Working: A
[월  5월 26 23:13:51 2025] Working: A
[월  5월 26 23:13:51 2025] Working: A
[월  5월 26 23:13:51 2025] Working: A
[월  5월 26 23:13:51 2025] Working: A
[월  5월 26 23:13:51 2025] Working: A
[월  5월 26 23:13:52 2025] Working: A
[월  5월 26 23:13:52 2025] Working: A
[월  5월 26 23:13:52 2025] Working: A
[월  5월 26 23:13:52 2025] Working: A
[월  5월 26 23:13:52 2025] Working: A
[월  5월 26 23:13:52 2025] Working: A
[월  5월 26 23:13:52 2025] Working: A
[월  5월 26 23:13:52 2025] Process Finished: A
